FwdLogicSingle completed run adding 0 entries and encountering 0 errors.
FwdLogicSingle completed run adding 14 entries and encountering 0 errors.
FwdLogicSingle completed run adding 14 entries and encountering 0 errors.
BkwdLogicSingle completed run. Inserted 1 entries. Encountered 0 errors.
BkwdLogicSingle completed run. Inserted 1 entries. Encountered 0 errors.
BkwdLogicSingle completed run. Inserted 1 entries. Encountered 0 errors.
BkwdLogicSingle completed run. Inserted 1 entries. Encountered 0 errors.
BkwdLogicSingle completed run. Inserted 1 entries. Encountered 0 errors.
BkwdLogicSingle completed run. Inserted 1 entries. Encountered 0 errors.
BkwdLogicSingle completed run. Inserted 1 entries. Encountered 0 errors.
BkwdLogicSingle completed run. Inserted 1 entries. Encountered 0 errors.
BkwdLogicSingle completed run. Inserted 1 entries. Encountered 0 errors.
BkwdLogicSingle completed run. Inserted 1 entries. Encountered 0 errors.
BkwdLogicSingle completed run. Inserted 1 entries. Encountered 0 errors.
2015-01-15 16:15:37,714 - INFO - BkwdLogicSingle completed run. Inserted 1 entries. Encountered 0 errors.
BkwdLogicSingle completed run. Inserted 8 entries. Encountered 0 errors.
BkwdLogicSingle completed run. Inserted 8 entries. Encountered 0 errors.
BkwdLogicSingle completed run. Inserted 8 entries. Encountered 0 errors.
2015-01-15 16:30:07,539 - INFO - BkwdLogicSingle completed run. Inserted 8 entries. Encountered 0 errors.
BkwdLogicSingle completed run. Inserted 8 entries. Encountered 0 errors.
BkwdLogicSingle completed run. Inserted 8 entries. Encountered 0 errors.
BkwdLogicSingle completed run. Inserted 8 entries. Encountered 0 errors.
2015-01-15 16:37:46,233 - INFO - BkwdLogicSingle completed run. Inserted 8 entries. Encountered 0 errors.
2015-01-15 16:37:46,233 - INFO - BkwdLogicSingle completed run. Inserted 8 entries. Encountered 0 errors.
BkwdLogicSingle completed run. Inserted 0 entries. Encountered 0 errors.
BkwdLogicSingle completed run. Inserted 0 entries. Encountered 0 errors.
BkwdLogicSingle completed run. Inserted 0 entries. Encountered 0 errors.
2015-01-15 16:39:22,363 - INFO - BkwdLogicSingle completed run. Inserted 0 entries. Encountered 0 errors.
2015-01-15 16:39:22,363 - INFO - BkwdLogicSingle completed run. Inserted 0 entries. Encountered 0 errors.
BkwdLogicSingle completed run. 
BkwdLogicSingle completed run. 
BkwdLogicSingle completed run. 
2015-01-15 16:44:15,002 - INFO - BkwdLogicSingle completed run. 
2015-01-15 16:44:15,002 - INFO - BkwdLogicSingle completed run. 
2015-01-15 16:44:15,002 - INFO - BkwdLogicSingle completed run. 
2015-01-15 16:44:15,002 - INFO - BkwdLogicSingle completed run. 
2015-01-15 16:52:05,010 - INFO - BkwdLogicSingle completed run. Inserted 0 entries. Encountered 0 errors.
2015-01-15 16:52:41,456 - INFO - BkwdLogicSingle completed run. Inserted 0 entries. Encountered 0 errors.
